<?xml version="1.0" encoding="UTF-8"?>
<!-- Generated by org.testng.reporters.JUnitXMLReporter -->
<testsuite ignored="0" hostname="DESKTOP-U4UFJ9B" failures="0" tests="7" name="Test" time="121.43" errors="0" timestamp="2023-06-02T03:22:51 IST">
  <testcase classname="testScripts.LoginPageTest" name="loginToESHomecare" time="0.674"/>
  <testcase classname="testScripts.HomePageAdminTest" name="homePageAdmin" time="1.843"/>
  <testcase classname="testScripts.ClientModulePageTest" name="clientPageValidation" time="2.975"/>
  <testcase classname="testScripts.ClientPageTest" name="clientPageValidation" time="4.684"/>
  <testcase classname="testScripts.Client_PersonelInfoPageTest" name="personelInfoValidation" time="5.786"/>
  <testcase classname="testScripts.Client_EmergencyInfoPageTest" name="emergencyInfoValidation" time="6.152"/>
  <testcase classname="testScripts.Client_SchedulePage" name="schedulePageValidation" time="5.513"/>
</testsuite> <!-- Test -->
