<?xml version="1.0" encoding="UTF-8"?>
<testng-results ignored="0" total="1" passed="1" failed="0" skipped="0">
  <reporter-output>
  </reporter-output>
  <suite started-at="2023-06-04T13:59:32 IST" name="Default suite" finished-at="2023-06-04T14:02:12 IST" duration-ms="160439">
    <groups>
    </groups>
    <test started-at="2023-06-04T13:59:32 IST" name="Default test" finished-at="2023-06-04T14:02:12 IST" duration-ms="160439">
      <class name="testScripts.LoginPageTest">
        <test-method is-config="true" signature="classConfig()[pri:0, instance:testScripts.LoginPageTest@4c1909a3]" started-at="2023-06-04T13:59:32 IST" name="classConfig" finished-at="2023-06-04T13:59:32 IST" duration-ms="39" status="PASS">
          <reporter-output>
          </reporter-output>
        </test-method> <!-- classConfig -->
        <test-method is-config="true" signature="methodConfig()[pri:0, instance:testScripts.LoginPageTest@4c1909a3]" started-at="2023-06-04T13:59:32 IST" name="methodConfig" finished-at="2023-06-04T14:02:11 IST" duration-ms="159104" status="PASS">
          <reporter-output>
          </reporter-output>
        </test-method> <!-- methodConfig -->
        <test-method signature="loginToESHomecare()[pri:0, instance:testScripts.LoginPageTest@4c1909a3]" started-at="2023-06-04T14:02:11 IST" name="loginToESHomecare" finished-at="2023-06-04T14:02:12 IST" duration-ms="673" status="PASS">
          <reporter-output>
          </reporter-output>
        </test-method> <!-- loginToESHomecare -->
        <test-method is-config="true" signature="methodTearDown()[pri:0, instance:testScripts.LoginPageTest@4c1909a3]" started-at="2023-06-04T14:02:12 IST" name="methodTearDown" finished-at="2023-06-04T14:02:12 IST" duration-ms="448" status="PASS">
          <reporter-output>
          </reporter-output>
        </test-method> <!-- methodTearDown -->
      </class> <!-- testScripts.LoginPageTest -->
    </test> <!-- Default test -->
  </suite> <!-- Default suite -->
</testng-results>
